d:\code\2022code\cpp_code\0428c++基础\debug\vc143.pdb
d:\code\2022code\cpp_code\0428c++基础\debug\vc143.idb
d:\code\2022code\cpp_code\0428c++基础\debug\test.obj
d:\code\2022code\cpp_code\0428c++基础\debug\queue.obj
d:\code\2022code\cpp_code\0428c++基础\debug\0428c++基础.pdb
d:\code\2022code\cpp_code\0428c++基础\debug\0428c++基础.tlog\cl.command.1.tlog
d:\code\2022code\cpp_code\0428c++基础\debug\0428c++基础.tlog\cl.read.1.tlog
d:\code\2022code\cpp_code\0428c++基础\debug\0428c++基础.tlog\cl.write.1.tlog
d:\code\2022code\cpp_code\0428c++基础\debug\0428c++基础.tlog\link-cvtres.read.1.tlog
d:\code\2022code\cpp_code\0428c++基础\debug\0428c++基础.tlog\link-cvtres.write.1.tlog
d:\code\2022code\cpp_code\0428c++基础\debug\0428c++基础.tlog\link-rc.read.1.tlog
d:\code\2022code\cpp_code\0428c++基础\debug\0428c++基础.tlog\link-rc.write.1.tlog
d:\code\2022code\cpp_code\0428c++基础\debug\0428c++基础.tlog\link.17696-cvtres.read.1.tlog
d:\code\2022code\cpp_code\0428c++基础\debug\0428c++基础.tlog\link.17696-cvtres.write.1.tlog
d:\code\2022code\cpp_code\0428c++基础\debug\0428c++基础.tlog\link.17696-rc.read.1.tlog
d:\code\2022code\cpp_code\0428c++基础\debug\0428c++基础.tlog\link.17696-rc.write.1.tlog
d:\code\2022code\cpp_code\0428c++基础\debug\0428c++基础.tlog\link.17696.read.1.tlog
d:\code\2022code\cpp_code\0428c++基础\debug\0428c++基础.tlog\link.17696.write.1.tlog
d:\code\2022code\cpp_code\0428c++基础\debug\0428c++基础.tlog\link.command.1.tlog
d:\code\2022code\cpp_code\0428c++基础\debug\0428c++基础.tlog\link.read.1.tlog
d:\code\2022code\cpp_code\0428c++基础\debug\0428c++基础.tlog\link.write.1.tlog
